<?xml version="1.0" encoding="UTF-8"?>
<testsuite xmlns:xsi="http://www.w3.org/2001/XMLSchema-instance" xsi:noNamespaceSchemaLocation="https://maven.apache.org/surefire/maven-surefire-plugin/xsd/surefire-test-report-3.0.xsd" version="3.0" name="sortingAlgorithms.InsertionSortTest" time="0.008" tests="6" errors="0" skipped="0" failures="0">
  <properties>
    <property name="java.specification.version" value="23"/>
    <property name="sun.cpu.isalist" value="amd64"/>
    <property name="sun.jnu.encoding" value="Cp1252"/>
    <property name="java.class.path" value="C:\Users\axel-\Desktop\Code\eclipse-workspace\tp_tri_tests\target\test-classes;C:\Users\axel-\Desktop\Code\eclipse-workspace\tp_tri_tests\target\classes;C:\Users\axel-\.m2\repository\org\apache\logging\log4j\log4j-api\2.24.3\log4j-api-2.24.3.jar;C:\Users\axel-\.m2\repository\org\apache\logging\log4j\log4j-core\2.24.3\log4j-core-2.24.3.jar;C:\Users\axel-\.m2\repository\org\apache\logging\log4j\log4j-layout-template-json\2.24.3\log4j-layout-template-json-2.24.3.jar;C:\Users\axel-\.m2\repository\org\junit\jupiter\junit-jupiter-api\5.7.0\junit-jupiter-api-5.7.0.jar;C:\Users\axel-\.m2\repository\org\apiguardian\apiguardian-api\1.1.0\apiguardian-api-1.1.0.jar;C:\Users\axel-\.m2\repository\org\opentest4j\opentest4j\1.2.0\opentest4j-1.2.0.jar;C:\Users\axel-\.m2\repository\org\junit\platform\junit-platform-commons\1.7.0\junit-platform-commons-1.7.0.jar;C:\Users\axel-\.m2\repository\org\junit\jupiter\junit-jupiter-engine\5.7.0\junit-jupiter-engine-5.7.0.jar;C:\Users\axel-\.m2\repository\org\junit\platform\junit-platform-engine\1.7.0\junit-platform-engine-1.7.0.jar;"/>
    <property name="java.vm.vendor" value="Oracle Corporation"/>
    <property name="sun.arch.data.model" value="64"/>
    <property name="user.variant" value=""/>
    <property name="java.vendor.url" value="https://java.oracle.com/"/>
    <property name="user.timezone" value="Europe/Paris"/>
    <property name="os.name" value="Windows 11"/>
    <property name="java.vm.specification.version" value="23"/>
    <property name="sun.java.launcher" value="SUN_STANDARD"/>
    <property name="user.country" value="FR"/>
    <property name="sun.boot.library.path" value="C:\Program Files\Java\jdk-23\bin"/>
    <property name="sun.java.command" value="C:\Users\axel-\AppData\Local\Temp\surefire4618553477560143715\surefirebooter-20250330175356013_3.jar C:\Users\axel-\AppData\Local\Temp\surefire4618553477560143715 2025-03-30T17-53-55_940-jvmRun1 surefire-20250330175356013_1tmp surefire_0-20250330175356013_2tmp"/>
    <property name="jdk.debug" value="release"/>
    <property name="surefire.test.class.path" value="C:\Users\axel-\Desktop\Code\eclipse-workspace\tp_tri_tests\target\test-classes;C:\Users\axel-\Desktop\Code\eclipse-workspace\tp_tri_tests\target\classes;C:\Users\axel-\.m2\repository\org\apache\logging\log4j\log4j-api\2.24.3\log4j-api-2.24.3.jar;C:\Users\axel-\.m2\repository\org\apache\logging\log4j\log4j-core\2.24.3\log4j-core-2.24.3.jar;C:\Users\axel-\.m2\repository\org\apache\logging\log4j\log4j-layout-template-json\2.24.3\log4j-layout-template-json-2.24.3.jar;C:\Users\axel-\.m2\repository\org\junit\jupiter\junit-jupiter-api\5.7.0\junit-jupiter-api-5.7.0.jar;C:\Users\axel-\.m2\repository\org\apiguardian\apiguardian-api\1.1.0\apiguardian-api-1.1.0.jar;C:\Users\axel-\.m2\repository\org\opentest4j\opentest4j\1.2.0\opentest4j-1.2.0.jar;C:\Users\axel-\.m2\repository\org\junit\platform\junit-platform-commons\1.7.0\junit-platform-commons-1.7.0.jar;C:\Users\axel-\.m2\repository\org\junit\jupiter\junit-jupiter-engine\5.7.0\junit-jupiter-engine-5.7.0.jar;C:\Users\axel-\.m2\repository\org\junit\platform\junit-platform-engine\1.7.0\junit-platform-engine-1.7.0.jar;"/>
    <property name="sun.cpu.endian" value="little"/>
    <property name="user.home" value="C:\Users\axel-"/>
    <property name="user.language" value="fr"/>
    <property name="java.specification.vendor" value="Oracle Corporation"/>
    <property name="java.version.date" value="2024-10-15"/>
    <property name="java.home" value="C:\Program Files\Java\jdk-23"/>
    <property name="file.separator" value="\"/>
    <property name="basedir" value="C:\Users\axel-\Desktop\Code\eclipse-workspace\tp_tri_tests"/>
    <property name="style.color" value="always"/>
    <property name="java.vm.compressedOopsMode" value="Zero based"/>
    <property name="line.separator" value="&#10;"/>
    <property name="java.vm.specification.vendor" value="Oracle Corporation"/>
    <property name="java.specification.name" value="Java Platform API Specification"/>
    <property name="surefire.real.class.path" value="C:\Users\axel-\AppData\Local\Temp\surefire4618553477560143715\surefirebooter-20250330175356013_3.jar"/>
    <property name="user.script" value=""/>
    <property name="sun.management.compiler" value="HotSpot 64-Bit Tiered Compilers"/>
    <property name="java.runtime.version" value="23.0.1+11-39"/>
    <property name="user.name" value="axel-"/>
    <property name="stdout.encoding" value="Cp1252"/>
    <property name="path.separator" value=";"/>
    <property name="os.version" value="10.0"/>
    <property name="java.runtime.name" value="Java(TM) SE Runtime Environment"/>
    <property name="file.encoding" value="UTF-8"/>
    <property name="java.vm.name" value="Java HotSpot(TM) 64-Bit Server VM"/>
    <property name="localRepository" value="C:\Users\axel-\.m2\repository"/>
    <property name="java.vendor.url.bug" value="https://bugreport.java.com/bugreport/"/>
    <property name="java.io.tmpdir" value="C:\Users\axel-\AppData\Local\Temp\"/>
    <property name="java.version" value="23.0.1"/>
    <property name="user.dir" value="C:\Users\axel-\Desktop\Code\eclipse-workspace\tp_tri_tests"/>
    <property name="os.arch" value="amd64"/>
    <property name="java.vm.specification.name" value="Java Virtual Machine Specification"/>
    <property name="sun.os.patch.level" value=""/>
    <property name="native.encoding" value="Cp1252"/>
    <property name="java.library.path" value="C:\Program Files\Java\jdk-23\bin;C:\WINDOWS\Sun\Java\bin;C:\WINDOWS\system32;C:\WINDOWS;C:\Program Files\Common Files\Oracle\Java\javapath;C:\WINDOWS\system32;C:\WINDOWS;C:\WINDOWS\System32\Wbem;C:\WINDOWS\System32\WindowsPowerShell\v1.0\;C:\WINDOWS\System32\OpenSSH\;C:\ProgramData\chocolatey\bin;C:\Program Files (x86)\NVIDIA Corporation\PhysX\Common;C:\Program Files\dotnet\;C:\Program Files\Git\cmd;C:\Program Files\NVIDIA Corporation\NVIDIA app\NvDLISR;C:\Program Files\PowerShell\7\;C:\Users\axel-\.cargo\bin;D:\Users\axel-\anaconda3;D:\Users\axel-\anaconda3\Library\mingw-w64\bin;D:\Users\axel-\anaconda3\Library\usr\bin;D:\Users\axel-\anaconda3\Library\bin;D:\Users\axel-\anaconda3\Scripts;C:\Users\axel-\AppData\Local\Microsoft\WindowsApps;D:\Users\axel-\AppData\Local\Programs\Microsoft VS Code\bin;C:\msys64;C:\msys64\ucrt64\bin;;."/>
    <property name="java.vm.info" value="mixed mode, sharing"/>
    <property name="stderr.encoding" value="Cp1252"/>
    <property name="java.vendor" value="Oracle Corporation"/>
    <property name="java.vm.version" value="23.0.1+11-39"/>
    <property name="sun.io.unicode.encoding" value="UnicodeLittle"/>
    <property name="java.class.version" value="67.0"/>
  </properties>
  <testcase name="testTrierTableauInverse" classname="sortingAlgorithms.InsertionSortTest" time="0.002">
    <system-out><![CDATA[5 4 3 2 1 
4 5 3 2 1 
3 4 5 2 1 
2 3 4 5 1 
1 2 3 4 5 
]]></system-out>
  </testcase>
  <testcase name="testTrierTableauVide" classname="sortingAlgorithms.InsertionSortTest" time="0.002">
    <system-out><![CDATA[
]]></system-out>
  </testcase>
  <testcase name="testTrierTableauUnElement" classname="sortingAlgorithms.InsertionSortTest" time="0.0">
    <system-out><![CDATA[42 
]]></system-out>
  </testcase>
  <testcase name="testTrierTableauAleatoire" classname="sortingAlgorithms.InsertionSortTest" time="0.0">
    <system-out><![CDATA[3 7 1 9 2 5 8 4 6 
3 7 1 9 2 5 8 4 6 
1 3 7 9 2 5 8 4 6 
1 3 7 9 2 5 8 4 6 
1 2 3 7 9 5 8 4 6 
1 2 3 5 7 9 8 4 6 
1 2 3 5 7 8 9 4 6 
1 2 3 4 5 7 8 9 6 
1 2 3 4 5 6 7 8 9 
]]></system-out>
  </testcase>
  <testcase name="testTrierTableauTableauOrdonne" classname="sortingAlgorithms.InsertionSortTest" time="0.0">
    <system-out><![CDATA[1 2 3 4 5 
1 2 3 4 5 
1 2 3 4 5 
1 2 3 4 5 
1 2 3 4 5 
]]></system-out>
  </testcase>
  <testcase name="testTrierTableauDoublons" classname="sortingAlgorithms.InsertionSortTest" time="0.0">
    <system-out><![CDATA[3 1 3 2 1 2 
1 3 3 2 1 2 
1 3 3 2 1 2 
1 2 3 3 1 2 
1 1 2 3 3 2 
1 1 2 2 3 3 
]]></system-out>
  </testcase>
</testsuite>